[18:38:40] [ServerMain/INFO]: Environment: Environment[sessionHost=https://sessionserver.mojang.com, servicesHost=https://api.minecraftservices.com, name=PROD]
[18:38:40] [ServerMain/INFO]: Found new data pack file/bukkit, loading it automatically
[18:38:41] [ServerMain/INFO]: No existing world data, creating new world
[18:38:41] [ServerMain/INFO]: Loaded 7 recipes
[18:38:42] [Server thread/INFO]: Starting minecraft server version 1.20.4
[18:38:42] [Server thread/INFO]: Loading properties
[18:38:42] [Server thread/INFO]: This server is running CraftBukkit version 4038-Spigot-c198da2-22a541a (MC: 1.20.4) (Implementing API version 1.20.4-R0.1-SNAPSHOT)
[18:38:42] [Server thread/INFO]: Debug logging is disabled
[18:38:42] [Server thread/INFO]: Server Ping Player Sample Count: 12
[18:38:42] [Server thread/INFO]: Using 4 threads for Netty based IO
[18:38:42] [Server thread/INFO]: Default game type: SURVIVAL
[18:38:42] [Server thread/INFO]: Generating keypair
[18:38:42] [Server thread/INFO]: Starting Minecraft server on *:25565
[18:38:42] [Server thread/INFO]: Using default channel type
[18:38:42] [Server thread/INFO]: Preparing level "world"
[18:38:42] [Server thread/INFO]: -------- World Settings For [world] --------
[18:38:42] [Server thread/INFO]: Mob Spawn Range: 6
[18:38:42] [Server thread/INFO]: Cactus Growth Modifier: 100%
[18:38:42] [Server thread/INFO]: Cane Growth Modifier: 100%
[18:38:42] [Server thread/INFO]: Melon Growth Modifier: 100%
[18:38:42] [Server thread/INFO]: Mushroom Growth Modifier: 100%
[18:38:42] [Server thread/INFO]: Pumpkin Growth Modifier: 100%
[18:38:42] [Server thread/INFO]: Sapling Growth Modifier: 100%
[18:38:42] [Server thread/INFO]: Beetroot Growth Modifier: 100%
[18:38:42] [Server thread/INFO]: Carrot Growth Modifier: 100%
[18:38:42] [Server thread/INFO]: Potato Growth Modifier: 100%
[18:38:42] [Server thread/INFO]: Wheat Growth Modifier: 100%
[18:38:42] [Server thread/INFO]: NetherWart Growth Modifier: 100%
[18:38:42] [Server thread/INFO]: Vine Growth Modifier: 100%
[18:38:42] [Server thread/INFO]: Cocoa Growth Modifier: 100%
[18:38:42] [Server thread/INFO]: Bamboo Growth Modifier: 100%
[18:38:42] [Server thread/INFO]: SweetBerry Growth Modifier: 100%
[18:38:42] [Server thread/INFO]: Kelp Growth Modifier: 100%
[18:38:42] [Server thread/INFO]: TwistingVines Growth Modifier: 100%
[18:38:42] [Server thread/INFO]: WeepingVines Growth Modifier: 100%
[18:38:42] [Server thread/INFO]: CaveVines Growth Modifier: 100%
[18:38:42] [Server thread/INFO]: Entity Tracking Range: Pl 48 / An 48 / Mo 48 / Mi 32 / Di 128 / Other 64
[18:38:42] [Server thread/INFO]: Custom Map Seeds:  Village: 10387312 Desert: 14357617 Igloo: 14357618 Jungle: 14357619 Swamp: 14357620 Monument: 10387313 Ocean: 14357621 Shipwreck: 165745295 End City: 10387313 Slime: 987234911 Nether: 30084232 Mansion: 10387319 Fossil: 14357921 Portal: 34222645
[18:38:42] [Server thread/INFO]: Tile Max Tick Time: 50ms Entity max Tick Time: 50ms
[18:38:42] [Server thread/INFO]: Entity Activation Range: An 32 / Mo 32 / Ra 48 / Mi 16 / Tiv true / Isa false
[18:38:42] [Server thread/INFO]: Max TNT Explosions: 100
[18:38:42] [Server thread/INFO]: Item Despawn Rate: 6000
[18:38:42] [Server thread/INFO]: View Distance: 10
[18:38:42] [Server thread/INFO]: Simulation Distance: 10
[18:38:42] [Server thread/INFO]: Allow Zombie Pigmen to spawn from portal blocks: true
[18:38:42] [Server thread/INFO]: Arrow Despawn Rate: 1200 Trident Respawn Rate:1200
[18:38:42] [Server thread/INFO]: Item Merge Radius: 2.5
[18:38:42] [Server thread/INFO]: Nerfing mobs spawned from spawners: false
[18:38:42] [Server thread/INFO]: Zombie Aggressive Towards Villager: true
[18:38:42] [Server thread/INFO]: Hopper Transfer: 8 Hopper Check: 1 Hopper Amount: 1 Hopper Can Load Chunks: false
[18:38:42] [Server thread/INFO]: Experience Merge Radius: 3.0
[18:38:45] [Server thread/INFO]: -------- World Settings For [world_nether] --------
[18:38:45] [Server thread/INFO]: Mob Spawn Range: 6
[18:38:45] [Server thread/INFO]: Cactus Growth Modifier: 100%
[18:38:45] [Server thread/INFO]: Cane Growth Modifier: 100%
[18:38:45] [Server thread/INFO]: Melon Growth Modifier: 100%
[18:38:45] [Server thread/INFO]: Mushroom Growth Modifier: 100%
[18:38:45] [Server thread/INFO]: Pumpkin Growth Modifier: 100%
[18:38:45] [Server thread/INFO]: Sapling Growth Modifier: 100%
[18:38:45] [Server thread/INFO]: Beetroot Growth Modifier: 100%
[18:38:45] [Server thread/INFO]: Carrot Growth Modifier: 100%
[18:38:45] [Server thread/INFO]: Potato Growth Modifier: 100%
[18:38:45] [Server thread/INFO]: Wheat Growth Modifier: 100%
[18:38:45] [Server thread/INFO]: NetherWart Growth Modifier: 100%
[18:38:45] [Server thread/INFO]: Vine Growth Modifier: 100%
[18:38:45] [Server thread/INFO]: Cocoa Growth Modifier: 100%
[18:38:45] [Server thread/INFO]: Bamboo Growth Modifier: 100%
[18:38:45] [Server thread/INFO]: SweetBerry Growth Modifier: 100%
[18:38:45] [Server thread/INFO]: Kelp Growth Modifier: 100%
[18:38:45] [Server thread/INFO]: TwistingVines Growth Modifier: 100%
[18:38:45] [Server thread/INFO]: WeepingVines Growth Modifier: 100%
[18:38:45] [Server thread/INFO]: CaveVines Growth Modifier: 100%
[18:38:45] [Server thread/INFO]: Entity Tracking Range: Pl 48 / An 48 / Mo 48 / Mi 32 / Di 128 / Other 64
[18:38:45] [Server thread/INFO]: Custom Map Seeds:  Village: 10387312 Desert: 14357617 Igloo: 14357618 Jungle: 14357619 Swamp: 14357620 Monument: 10387313 Ocean: 14357621 Shipwreck: 165745295 End City: 10387313 Slime: 987234911 Nether: 30084232 Mansion: 10387319 Fossil: 14357921 Portal: 34222645
[18:38:45] [Server thread/INFO]: Tile Max Tick Time: 50ms Entity max Tick Time: 50ms
[18:38:45] [Server thread/INFO]: Entity Activation Range: An 32 / Mo 32 / Ra 48 / Mi 16 / Tiv true / Isa false
[18:38:45] [Server thread/INFO]: Max TNT Explosions: 100
[18:38:45] [Server thread/INFO]: Item Despawn Rate: 6000
[18:38:45] [Server thread/INFO]: View Distance: 10
[18:38:45] [Server thread/INFO]: Simulation Distance: 10
[18:38:45] [Server thread/INFO]: Allow Zombie Pigmen to spawn from portal blocks: true
[18:38:45] [Server thread/INFO]: Arrow Despawn Rate: 1200 Trident Respawn Rate:1200
[18:38:45] [Server thread/INFO]: Item Merge Radius: 2.5
[18:38:45] [Server thread/INFO]: Nerfing mobs spawned from spawners: false
[18:38:45] [Server thread/INFO]: Zombie Aggressive Towards Villager: true
[18:38:45] [Server thread/INFO]: Hopper Transfer: 8 Hopper Check: 1 Hopper Amount: 1 Hopper Can Load Chunks: false
[18:38:45] [Server thread/INFO]: Experience Merge Radius: 3.0
[18:38:46] [Server thread/INFO]: -------- World Settings For [world_the_end] --------
[18:38:46] [Server thread/INFO]: Mob Spawn Range: 6
[18:38:46] [Server thread/INFO]: Cactus Growth Modifier: 100%
[18:38:46] [Server thread/INFO]: Cane Growth Modifier: 100%
[18:38:46] [Server thread/INFO]: Melon Growth Modifier: 100%
[18:38:46] [Server thread/INFO]: Mushroom Growth Modifier: 100%
[18:38:46] [Server thread/INFO]: Pumpkin Growth Modifier: 100%
[18:38:46] [Server thread/INFO]: Sapling Growth Modifier: 100%
[18:38:46] [Server thread/INFO]: Beetroot Growth Modifier: 100%
[18:38:46] [Server thread/INFO]: Carrot Growth Modifier: 100%
[18:38:46] [Server thread/INFO]: Potato Growth Modifier: 100%
[18:38:46] [Server thread/INFO]: Wheat Growth Modifier: 100%
[18:38:46] [Server thread/INFO]: NetherWart Growth Modifier: 100%
[18:38:46] [Server thread/INFO]: Vine Growth Modifier: 100%
[18:38:46] [Server thread/INFO]: Cocoa Growth Modifier: 100%
[18:38:46] [Server thread/INFO]: Bamboo Growth Modifier: 100%
[18:38:46] [Server thread/INFO]: SweetBerry Growth Modifier: 100%
[18:38:46] [Server thread/INFO]: Kelp Growth Modifier: 100%
[18:38:46] [Server thread/INFO]: TwistingVines Growth Modifier: 100%
[18:38:46] [Server thread/INFO]: WeepingVines Growth Modifier: 100%
[18:38:46] [Server thread/INFO]: CaveVines Growth Modifier: 100%
[18:38:46] [Server thread/INFO]: Entity Tracking Range: Pl 48 / An 48 / Mo 48 / Mi 32 / Di 128 / Other 64
[18:38:46] [Server thread/INFO]: Custom Map Seeds:  Village: 10387312 Desert: 14357617 Igloo: 14357618 Jungle: 14357619 Swamp: 14357620 Monument: 10387313 Ocean: 14357621 Shipwreck: 165745295 End City: 10387313 Slime: 987234911 Nether: 30084232 Mansion: 10387319 Fossil: 14357921 Portal: 34222645
[18:38:46] [Server thread/INFO]: Tile Max Tick Time: 50ms Entity max Tick Time: 50ms
[18:38:46] [Server thread/INFO]: Entity Activation Range: An 32 / Mo 32 / Ra 48 / Mi 16 / Tiv true / Isa false
[18:38:46] [Server thread/INFO]: Max TNT Explosions: 100
[18:38:46] [Server thread/INFO]: Item Despawn Rate: 6000
[18:38:46] [Server thread/INFO]: View Distance: 10
[18:38:46] [Server thread/INFO]: Simulation Distance: 10
[18:38:46] [Server thread/INFO]: Allow Zombie Pigmen to spawn from portal blocks: true
[18:38:46] [Server thread/INFO]: Arrow Despawn Rate: 1200 Trident Respawn Rate:1200
[18:38:46] [Server thread/INFO]: Item Merge Radius: 2.5
[18:38:46] [Server thread/INFO]: Nerfing mobs spawned from spawners: false
[18:38:46] [Server thread/INFO]: Zombie Aggressive Towards Villager: true
[18:38:46] [Server thread/INFO]: Hopper Transfer: 8 Hopper Check: 1 Hopper Amount: 1 Hopper Can Load Chunks: false
[18:38:46] [Server thread/INFO]: Experience Merge Radius: 3.0
[18:38:46] [Server thread/INFO]: Preparing start region for dimension minecraft:overworld
[18:38:47] [Worker-Main-10/INFO]: Preparing spawn area: 0%
[18:38:47] [Worker-Main-5/INFO]: Preparing spawn area: 0%
[18:38:47] [Worker-Main-5/INFO]: Preparing spawn area: 3%
[18:38:48] [Worker-Main-11/INFO]: Preparing spawn area: 6%
[18:38:48] [Worker-Main-6/INFO]: Preparing spawn area: 10%
[18:38:49] [Worker-Main-2/INFO]: Preparing spawn area: 16%
[18:38:49] [Worker-Main-12/INFO]: Preparing spawn area: 22%
[18:38:50] [Worker-Main-8/INFO]: Preparing spawn area: 27%
[18:38:50] [Worker-Main-9/INFO]: Preparing spawn area: 33%
[18:38:51] [Worker-Main-4/INFO]: Preparing spawn area: 39%
[18:38:51] [Worker-Main-15/INFO]: Preparing spawn area: 45%
[18:38:52] [Worker-Main-15/INFO]: Preparing spawn area: 53%
[18:38:52] [Worker-Main-4/INFO]: Preparing spawn area: 59%
[18:38:53] [Worker-Main-3/INFO]: Preparing spawn area: 68%
[18:38:53] [Worker-Main-15/INFO]: Preparing spawn area: 73%
[18:38:54] [Worker-Main-4/INFO]: Preparing spawn area: 81%
[18:38:54] [Worker-Main-2/INFO]: Preparing spawn area: 87%
[18:38:55] [Worker-Main-15/INFO]: Preparing spawn area: 96%
[18:38:55] [Server thread/INFO]: Time elapsed: 8675 ms
[18:38:55] [Server thread/INFO]: Preparing start region for dimension minecraft:the_nether
[18:38:55] [Worker-Main-8/INFO]: Preparing spawn area: 0%
[18:38:56] [Worker-Main-14/INFO]: Preparing spawn area: 2%
[18:38:56] [Worker-Main-14/INFO]: Preparing spawn area: 7%
[18:38:57] [Worker-Main-13/INFO]: Preparing spawn area: 13%
[18:38:57] [Worker-Main-10/INFO]: Preparing spawn area: 19%
[18:38:58] [Worker-Main-3/INFO]: Preparing spawn area: 25%
[18:38:58] [Worker-Main-14/INFO]: Preparing spawn area: 32%
[18:38:59] [Worker-Main-6/INFO]: Preparing spawn area: 38%
[18:38:59] [Worker-Main-11/INFO]: Preparing spawn area: 45%
[18:39:00] [Worker-Main-3/INFO]: Preparing spawn area: 53%
[18:39:00] [Worker-Main-8/INFO]: Preparing spawn area: 60%
[18:39:01] [Worker-Main-9/INFO]: Preparing spawn area: 68%
[18:39:01] [Worker-Main-3/INFO]: Preparing spawn area: 75%
[18:39:02] [Worker-Main-2/INFO]: Preparing spawn area: 82%
[18:39:02] [Worker-Main-3/INFO]: Preparing spawn area: 88%
[18:39:03] [Worker-Main-8/INFO]: Preparing spawn area: 96%
[18:39:03] [Server thread/INFO]: Time elapsed: 7635 ms
[18:39:03] [Server thread/INFO]: Preparing start region for dimension minecraft:the_end
[18:39:03] [Worker-Main-1/INFO]: Preparing spawn area: 0%
[18:39:03] [Worker-Main-14/INFO]: Preparing spawn area: 31%
[18:39:03] [Server thread/INFO]: Time elapsed: 759 ms
[18:39:03] [Server thread/INFO]: Done (21.227s)! For help, type "help"
[18:39:49] [Server thread/INFO]: Unknown command. Type "/help" for help.[m
[18:39:53] [Server thread/INFO]: Unknown command. Type "/help" for help.[m
[18:39:56] [Server thread/INFO]: Unknown command. Type "/help" for help.[m
[18:39:57] [Server thread/INFO]: Unknown command. Type "/help" for help.[m
[18:39:59] [Server thread/INFO]: [0;33;1m--------- [0;37;1mHelp: Index [0;33;1m---------------------------[m
[18:39:59] [Server thread/INFO]: [0;37;22mUse /help [n] to get page n of help.[m
[18:39:59] [Server thread/INFO]: [0;37;22m[0;33;22mAliases: [0;37;1mLists command aliases[m
[18:39:59] [Server thread/INFO]: [0;37;1m[0;33;22mBukkit: [0;37;1mAll commands for Bukkit[m
[18:39:59] [Server thread/INFO]: [0;37;1m[0;33;22mMinecraft: [0;37;1mAll commands for Minecraft[m
[18:39:59] [Server thread/INFO]: [0;37;1m[0;33;22m/advancement: [0;37;1mA Mojang provided command.[m
[18:39:59] [Server thread/INFO]: [0;37;1m[0;33;22m/attribute: [0;37;1mA Mojang provided command.[m
[18:39:59] [Server thread/INFO]: [0;37;1m[0;33;22m/ban: [0;37;1mA Mojang provided command.[m
[18:39:59] [Server thread/INFO]: [0;37;1m[0;33;22m/ban-ip: [0;37;1mA Mojang provided command.[m
[18:39:59] [Server thread/INFO]: [0;37;1m[0;33;22m/banlist: [0;37;1mA Mojang provided command.[m
[18:39:59] [Server thread/INFO]: [0;37;1m[0;33;22m/bossbar: [0;37;1mA Mojang provided command.[m
[18:39:59] [Server thread/INFO]: [0;37;1m[0;33;22m/clear: [0;37;1mA Mojang provided command.[m
[18:39:59] [Server thread/INFO]: [0;37;1m[0;33;22m/clone: [0;37;1mA Mojang provided command.[m
[18:39:59] [Server thread/INFO]: [0;37;1m[0;33;22m/damage: [0;37;1mA Mojang provided command.[m
[18:39:59] [Server thread/INFO]: [0;37;1m[0;33;22m/data: [0;37;1mA Mojang provided command.[m
[18:39:59] [Server thread/INFO]: [0;37;1m[0;33;22m/datapack: [0;37;1mA Mojang provided command.[m
[18:39:59] [Server thread/INFO]: [0;37;1m[0;33;22m/debug: [0;37;1mA Mojang provided command.[m
[18:39:59] [Server thread/INFO]: [0;37;1m[0;33;22m/defaultgamemode: [0;37;1mA Mojang provided command.[m
[18:39:59] [Server thread/INFO]: [0;37;1m[0;33;22m/deop: [0;37;1mA Mojang provided command.[m
[18:39:59] [Server thread/INFO]: [0;37;1m[0;33;22m/difficulty: [0;37;1mA Mojang provided command.[m
[18:39:59] [Server thread/INFO]: [0;37;1m[0;33;22m/effect: [0;37;1mA Mojang provided command.[m
[18:39:59] [Server thread/INFO]: [0;37;1m[0;33;22m/enchant: [0;37;1mA Mojang provided command.[m
[18:39:59] [Server thread/INFO]: [0;37;1m[0;33;22m/execute: [0;37;1mA Mojang provided command.[m
[18:39:59] [Server thread/INFO]: [0;37;1m[0;33;22m/experience: [0;37;1mA Mojang provided command.[m
[18:39:59] [Server thread/INFO]: [0;37;1m[0;33;22m/fill: [0;37;1mA Mojang provided command.[m
[18:39:59] [Server thread/INFO]: [0;37;1m[0;33;22m/fillbiome: [0;37;1mA Mojang provided command.[m
[18:39:59] [Server thread/INFO]: [0;37;1m[0;33;22m/forceload: [0;37;1mA Mojang provided command.[m
[18:39:59] [Server thread/INFO]: [0;37;1m[0;33;22m/function: [0;37;1mA Mojang provided command.[m
[18:39:59] [Server thread/INFO]: [0;37;1m[0;33;22m/gamemode: [0;37;1mA Mojang provided command.[m
[18:39:59] [Server thread/INFO]: [0;37;1m[0;33;22m/gamerule: [0;37;1mA Mojang provided command.[m
[18:39:59] [Server thread/INFO]: [0;37;1m[0;33;22m/give: [0;37;1mA Mojang provided command.[m
[18:39:59] [Server thread/INFO]: [0;37;1m[0;33;22m/help: [0;37;1mShows the help menu[m
[18:39:59] [Server thread/INFO]: [0;37;1m[0;33;22m/item: [0;37;1mA Mojang provided command.[m
[18:39:59] [Server thread/INFO]: [0;37;1m[0;33;22m/jfr: [0;37;1mA Mojang provided command.[m
[18:39:59] [Server thread/INFO]: [0;37;1m[0;33;22m/kick: [0;37;1mA Mojang provided command.[m
[18:39:59] [Server thread/INFO]: [0;37;1m[0;33;22m/kill: [0;37;1mA Mojang provided command.[m
[18:39:59] [Server thread/INFO]: [0;37;1m[0;33;22m/list: [0;37;1mA Mojang provided command.[m
[18:39:59] [Server thread/INFO]: [0;37;1m[0;33;22m/locate: [0;37;1mA Mojang provided command.[m
[18:39:59] [Server thread/INFO]: [0;37;1m[0;33;22m/loot: [0;37;1mA Mojang provided command.[m
[18:39:59] [Server thread/INFO]: [0;37;1m[0;33;22m/me: [0;37;1mA Mojang provided command.[m
[18:39:59] [Server thread/INFO]: [0;37;1m[0;33;22m/minecraft:help: [0;37;1mA Mojang provided command.[m
[18:39:59] [Server thread/INFO]: [0;37;1m[0;33;22m/minecraft:reload: [0;37;1mA Mojang provided command.[m
[18:39:59] [Server thread/INFO]: [0;37;1m[0;33;22m/msg: [0;37;1mA Mojang provided command.[m
[18:39:59] [Server thread/INFO]: [0;37;1m[0;33;22m/op: [0;37;1mA Mojang provided command.[m
[18:39:59] [Server thread/INFO]: [0;37;1m[0;33;22m/pardon: [0;37;1mA Mojang provided command.[m
[18:39:59] [Server thread/INFO]: [0;37;1m[0;33;22m/pardon-ip: [0;37;1mA Mojang provided command.[m
[18:39:59] [Server thread/INFO]: [0;37;1m[0;33;22m/particle: [0;37;1mA Mojang provided command.[m
[18:39:59] [Server thread/INFO]: [0;37;1m[0;33;22m/perf: [0;37;1mA Mojang provided command.[m
[18:39:59] [Server thread/INFO]: [0;37;1m[0;33;22m/place: [0;37;1mA Mojang provided command.[m
[18:39:59] [Server thread/INFO]: [0;37;1m[0;33;22m/playsound: [0;37;1mA Mojang provided command.[m
[18:39:59] [Server thread/INFO]: [0;37;1m[0;33;22m/plugins: [0;37;1mGets a list of plugins running on the server[m
[18:39:59] [Server thread/INFO]: [0;37;1m[0;33;22m/random: [0;37;1mA Mojang provided command.[m
[18:39:59] [Server thread/INFO]: [0;37;1m[0;33;22m/recipe: [0;37;1mA Mojang provided command.[m
[18:39:59] [Server thread/INFO]: [0;37;1m[0;33;22m/reload: [0;37;1mReloads the server configuration and plugins[m
[18:39:59] [Server thread/INFO]: [0;37;1m[0;33;22m/restart: [0;37;1mRestarts the server[m
[18:39:59] [Server thread/INFO]: [0;37;1m[0;33;22m/return: [0;37;1mA Mojang provided command.[m
[18:39:59] [Server thread/INFO]: [0;37;1m[0;33;22m/ride: [0;37;1mA Mojang provided command.[m
[18:39:59] [Server thread/INFO]: [0;37;1m[0;33;22m/save-all: [0;37;1mA Mojang provided command.[m
[18:39:59] [Server thread/INFO]: [0;37;1m[0;33;22m/save-off: [0;37;1mA Mojang provided command.[m
[18:39:59] [Server thread/INFO]: [0;37;1m[0;33;22m/save-on: [0;37;1mA Mojang provided command.[m
[18:39:59] [Server thread/INFO]: [0;37;1m[0;33;22m/say: [0;37;1mA Mojang provided command.[m
[18:39:59] [Server thread/INFO]: [0;37;1m[0;33;22m/schedule: [0;37;1mA Mojang provided command.[m
[18:39:59] [Server thread/INFO]: [0;37;1m[0;33;22m/scoreboard: [0;37;1mA Mojang provided command.[m
[18:39:59] [Server thread/INFO]: [0;37;1m[0;33;22m/seed: [0;37;1mA Mojang provided command.[m
[18:39:59] [Server thread/INFO]: [0;37;1m[0;33;22m/setblock: [0;37;1mA Mojang provided command.[m
[18:39:59] [Server thread/INFO]: [0;37;1m[0;33;22m/setidletimeout: [0;37;1mA Mojang provided command.[m
[18:39:59] [Server thread/INFO]: [0;37;1m[0;33;22m/setworldspawn: [0;37;1mA Mojang provided command.[m
[18:39:59] [Server thread/INFO]: [0;37;1m[0;33;22m/spawnpoint: [0;37;1mA Mojang provided command.[m
[18:39:59] [Server thread/INFO]: [0;37;1m[0;33;22m/spectate: [0;37;1mA Mojang provided command.[m
[18:39:59] [Server thread/INFO]: [0;37;1m[0;33;22m/spigot: [0;37;1mSpigot related commands[m
[18:39:59] [Server thread/INFO]: [0;37;1m[0;33;22m/spreadplayers: [0;37;1mA Mojang provided command.[m
[18:39:59] [Server thread/INFO]: [0;37;1m[0;33;22m/stop: [0;37;1mA Mojang provided command.[m
[18:39:59] [Server thread/INFO]: [0;37;1m[0;33;22m/stopsound: [0;37;1mA Mojang provided command.[m
[18:39:59] [Server thread/INFO]: [0;37;1m[0;33;22m/summon: [0;37;1mA Mojang provided command.[m
[18:39:59] [Server thread/INFO]: [0;37;1m[0;33;22m/tag: [0;37;1mA Mojang provided command.[m
[18:39:59] [Server thread/INFO]: [0;37;1m[0;33;22m/team: [0;37;1mA Mojang provided command.[m
[18:39:59] [Server thread/INFO]: [0;37;1m[0;33;22m/teammsg: [0;37;1mA Mojang provided command.[m
[18:39:59] [Server thread/INFO]: [0;37;1m[0;33;22m/teleport: [0;37;1mA Mojang provided command.[m
[18:39:59] [Server thread/INFO]: [0;37;1m[0;33;22m/tell: [0;37;1mA Mojang provided command.[m
[18:39:59] [Server thread/INFO]: [0;37;1m[0;33;22m/tellraw: [0;37;1mA Mojang provided command.[m
[18:39:59] [Server thread/INFO]: [0;37;1m[0;33;22m/tick: [0;37;1mA Mojang provided command.[m
[18:39:59] [Server thread/INFO]: [0;37;1m[0;33;22m/time: [0;37;1mA Mojang provided command.[m
[18:39:59] [Server thread/INFO]: [0;37;1m[0;33;22m/timings: [0;37;1mManages Spigot Timings data to see performance of the server.[m
[18:39:59] [Server thread/INFO]: [0;37;1m[0;33;22m/title: [0;37;1mA Mojang provided command.[m
[18:39:59] [Server thread/INFO]: [0;37;1m[0;33;22m/tm: [0;37;1mA Mojang provided command.[m
[18:39:59] [Server thread/INFO]: [0;37;1m[0;33;22m/tp: [0;37;1mA Mojang provided command.[m
[18:39:59] [Server thread/INFO]: [0;37;1m[0;33;22m/tps: [0;37;1mGets the current ticks per second for the server[m
[18:39:59] [Server thread/INFO]: [0;37;1m[0;33;22m/trigger: [0;37;1mA Mojang provided command.[m
[18:39:59] [Server thread/INFO]: [0;37;1m[0;33;22m/version: [0;37;1mGets the version of this server including any plugins in use[m
[18:39:59] [Server thread/INFO]: [0;37;1m[0;33;22m/w: [0;37;1mA Mojang provided command.[m
[18:39:59] [Server thread/INFO]: [0;37;1m[0;33;22m/weather: [0;37;1mA Mojang provided command.[m
[18:39:59] [Server thread/INFO]: [0;37;1m[0;33;22m/whitelist: [0;37;1mA Mojang provided command.[m
[18:39:59] [Server thread/INFO]: [0;37;1m[0;33;22m/worldborder: [0;37;1mA Mojang provided command.[m
[18:39:59] [Server thread/INFO]: [0;37;1m[0;33;22m/xp: [0;37;1mA Mojang provided command.[m
